{"numTotalTestSuites":7,"numPassedTestSuites":2,"numFailedTestSuites":5,"numPendingTestSuites":0,"numTotalTests":12,"numPassedTests":7,"numFailedTests":5,"numPendingTests":0,"numTodoTests":0,"snapshot":{"added":0,"failure":false,"filesAdded":0,"filesRemoved":0,"filesRemovedList":[],"filesUnmatched":0,"filesUpdated":0,"matched":0,"total":0,"unchecked":0,"uncheckedKeysByFile":[],"unmatched":0,"updated":0,"didUpdate":false},"startTime":1783097771651,"success":false,"testResults":[{"assertionResults":[{"ancestorTitles":["GET /health"],"fullName":"GET /health returns status ok and a version string","status":"passed","title":"returns status ok and a version string","duration":4.873874999999998,"failureMessages":[],"meta":{}},{"ancestorTitles":["POST /tasks"],"fullName":"POST /tasks creates a task with only a title and returns 201","status":"passed","title":"creates a task with only a title and returns 201","duration":1.7792499999999905,"failureMessages":[],"meta":{}},{"ancestorTitles":["POST /tasks"],"fullName":"POST /tasks creates a task with all optional fields","status":"passed","title":"creates a task with all optional fields","duration":0.6971670000000358,"failureMessages":[],"meta":{}},{"ancestorTitles":["POST /tasks"],"fullName":"POST /tasks returns 400 or 422 when title is missing","status":"passed","title":"returns 400 or 422 when title is missing","duration":0.6077089999999998,"failureMessages":[],"meta":{}},{"ancestorTitles":["GET /tasks"],"fullName":"GET /tasks returns all tasks as a list","status":"failed","title":"returns all tasks as a list","duration":11.92754100000002,"failureMessages":["AssertionError: expected 0 to be greater than or equal to 2\n    at /Users/brentrager/dev/smooai/smooth-th-6d8606-bigsmooth-sep/crates/smooth-bigsmooth/tests/fixtures/backend_typescript_spec/tests/spec.test.ts:86:29\n    at processTicksAndRejections (node:internal/process/task_queues:105:5)\n    at file:///Users/brentrager/dev/smooai/smooth-th-6d8606-bigsmooth-sep/crates/smooth-bigsmooth/tests/fixtures/backend_typescript_spec/node_modules/.pnpm/@vitest+runner@2.1.8/node_modules/@vitest/runner/dist/index.js:533:5\n    at runTest (file:///Users/brentrager/dev/smooai/smooth-th-6d8606-bigsmooth-sep/crates/smooth-bigsmooth/tests/fixtures/backend_typescript_spec/node_modules/.pnpm/@vitest+runner@2.1.8/node_modules/@vitest/runner/dist/index.js:1056:11)\n    at runSuite (file:///Users/brentrager/dev/smooai/smooth-th-6d8606-bigsmooth-sep/crates/smooth-bigsmooth/tests/fixtures/backend_typescript_spec/node_modules/.pnpm/@vitest+runner@2.1.8/node_modules/@vitest/runner/dist/index.js:1205:15)\n    at runSuite (file:///Users/brentrager/dev/smooai/smooth-th-6d8606-bigsmooth-sep/crates/smooth-bigsmooth/tests/fixtures/backend_typescript_spec/node_modules/.pnpm/@vitest+runner@2.1.8/node_modules/@vitest/runner/dist/index.js:1205:15)\n    at runFiles (file:///Users/brentrager/dev/smooai/smooth-th-6d8606-bigsmooth-sep/crates/smooth-bigsmooth/tests/fixtures/backend_typescript_spec/node_modules/.pnpm/@vitest+runner@2.1.8/node_modules/@vitest/runner/dist/index.js:1262:5)\n    at startTests (file:///Users/brentrager/dev/smooai/smooth-th-6d8606-bigsmooth-sep/crates/smooth-bigsmooth/tests/fixtures/backend_typescript_spec/node_modules/.pnpm/@vitest+runner@2.1.8/node_modules/@vitest/runner/dist/index.js:1271:3)\n    at file:///Users/brentrager/dev/smooai/smooth-th-6d8606-bigsmooth-sep/crates/smooth-bigsmooth/tests/fixtures/backend_typescript_spec/node_modules/.pnpm/vitest@2.1.8_@types+node@22.10.2/node_modules/vitest/dist/chunks/runBaseTests.3qpJUEJM.js:126:11\n    at withEnv (file:///Users/brentrager/dev/smooai/smooth-th-6d8606-bigsmooth-sep/crates/smooth-bigsmooth/tests/fixtures/backend_typescript_spec/node_modules/.pnpm/vitest@2.1.8_@types+node@22.10.2/node_modules/vitest/dist/chunks/runBaseTests.3qpJUEJM.js:90:5)"],"meta":{}},{"ancestorTitles":["GET /tasks"],"fullName":"GET /tasks filters by status query param","status":"passed","title":"filters by status query param","duration":4.327541999999994,"failureMessages":[],"meta":{}},{"ancestorTitles":["GET /tasks"],"fullName":"GET /tasks filters by priority query param","status":"passed","title":"filters by priority query param","duration":0.8262500000000159,"failureMessages":[],"meta":{}},{"ancestorTitles":["GET /tasks/:id"],"fullName":"GET /tasks/:id returns the task by id","status":"failed","title":"returns the task by id","duration":20.505291999999997,"failureMessages":["AssertionError: expected 404 to be 200 // Object.is equality\n    at /Users/brentrager/dev/smooai/smooth-th-6d8606-bigsmooth-sep/crates/smooth-bigsmooth/tests/fixtures/backend_typescript_spec/tests/spec.test.ts:115:24\n    at processTicksAndRejections (node:internal/process/task_queues:105:5)\n    at file:///Users/brentrager/dev/smooai/smooth-th-6d8606-bigsmooth-sep/crates/smooth-bigsmooth/tests/fixtures/backend_typescript_spec/node_modules/.pnpm/@vitest+runner@2.1.8/node_modules/@vitest/runner/dist/index.js:533:5\n    at runTest (file:///Users/brentrager/dev/smooai/smooth-th-6d8606-bigsmooth-sep/crates/smooth-bigsmooth/tests/fixtures/backend_typescript_spec/node_modules/.pnpm/@vitest+runner@2.1.8/node_modules/@vitest/runner/dist/index.js:1056:11)\n    at runSuite (file:///Users/brentrager/dev/smooai/smooth-th-6d8606-bigsmooth-sep/crates/smooth-bigsmooth/tests/fixtures/backend_typescript_spec/node_modules/.pnpm/@vitest+runner@2.1.8/node_modules/@vitest/runner/dist/index.js:1205:15)\n    at runSuite (file:///Users/brentrager/dev/smooai/smooth-th-6d8606-bigsmooth-sep/crates/smooth-bigsmooth/tests/fixtures/backend_typescript_spec/node_modules/.pnpm/@vitest+runner@2.1.8/node_modules/@vitest/runner/dist/index.js:1205:15)\n    at runFiles (file:///Users/brentrager/dev/smooai/smooth-th-6d8606-bigsmooth-sep/crates/smooth-bigsmooth/tests/fixtures/backend_typescript_spec/node_modules/.pnpm/@vitest+runner@2.1.8/node_modules/@vitest/runner/dist/index.js:1262:5)\n    at startTests (file:///Users/brentrager/dev/smooai/smooth-th-6d8606-bigsmooth-sep/crates/smooth-bigsmooth/tests/fixtures/backend_typescript_spec/node_modules/.pnpm/@vitest+runner@2.1.8/node_modules/@vitest/runner/dist/index.js:1271:3)\n    at file:///Users/brentrager/dev/smooai/smooth-th-6d8606-bigsmooth-sep/crates/smooth-bigsmooth/tests/fixtures/backend_typescript_spec/node_modules/.pnpm/vitest@2.1.8_@types+node@22.10.2/node_modules/vitest/dist/chunks/runBaseTests.3qpJUEJM.js:126:11\n    at withEnv (file:///Users/brentrager/dev/smooai/smooth-th-6d8606-bigsmooth-sep/crates/smooth-bigsmooth/tests/fixtures/backend_typescript_spec/node_modules/.pnpm/vitest@2.1.8_@types+node@22.10.2/node_modules/vitest/dist/chunks/runBaseTests.3qpJUEJM.js:90:5)"],"meta":{}},{"ancestorTitles":["GET /tasks/:id"],"fullName":"GET /tasks/:id returns 404 for unknown id","status":"passed","title":"returns 404 for unknown id","duration":0.8249589999999785,"failureMessages":[],"meta":{}},{"ancestorTitles":["PATCH /tasks/:id"],"fullName":"PATCH /tasks/:id updates status","status":"failed","title":"updates status","duration":0.9291659999999524,"failureMessages":["AssertionError: expected 404 to be 200 // Object.is equality\n    at /Users/brentrager/dev/smooai/smooth-th-6d8606-bigsmooth-sep/crates/smooth-bigsmooth/tests/fixtures/backend_typescript_spec/tests/spec.test.ts:130:24\n    at processTicksAndRejections (node:internal/process/task_queues:105:5)\n    at file:///Users/brentrager/dev/smooai/smooth-th-6d8606-bigsmooth-sep/crates/smooth-bigsmooth/tests/fixtures/backend_typescript_spec/node_modules/.pnpm/@vitest+runner@2.1.8/node_modules/@vitest/runner/dist/index.js:533:5\n    at runTest (file:///Users/brentrager/dev/smooai/smooth-th-6d8606-bigsmooth-sep/crates/smooth-bigsmooth/tests/fixtures/backend_typescript_spec/node_modules/.pnpm/@vitest+runner@2.1.8/node_modules/@vitest/runner/dist/index.js:1056:11)\n    at runSuite (file:///Users/brentrager/dev/smooai/smooth-th-6d8606-bigsmooth-sep/crates/smooth-bigsmooth/tests/fixtures/backend_typescript_spec/node_modules/.pnpm/@vitest+runner@2.1.8/node_modules/@vitest/runner/dist/index.js:1205:15)\n    at runSuite (file:///Users/brentrager/dev/smooai/smooth-th-6d8606-bigsmooth-sep/crates/smooth-bigsmooth/tests/fixtures/backend_typescript_spec/node_modules/.pnpm/@vitest+runner@2.1.8/node_modules/@vitest/runner/dist/index.js:1205:15)\n    at runFiles (file:///Users/brentrager/dev/smooai/smooth-th-6d8606-bigsmooth-sep/crates/smooth-bigsmooth/tests/fixtures/backend_typescript_spec/node_modules/.pnpm/@vitest+runner@2.1.8/node_modules/@vitest/runner/dist/index.js:1262:5)\n    at startTests (file:///Users/brentrager/dev/smooai/smooth-th-6d8606-bigsmooth-sep/crates/smooth-bigsmooth/tests/fixtures/backend_typescript_spec/node_modules/.pnpm/@vitest+runner@2.1.8/node_modules/@vitest/runner/dist/index.js:1271:3)\n    at file:///Users/brentrager/dev/smooai/smooth-th-6d8606-bigsmooth-sep/crates/smooth-bigsmooth/tests/fixtures/backend_typescript_spec/node_modules/.pnpm/vitest@2.1.8_@types+node@22.10.2/node_modules/vitest/dist/chunks/runBaseTests.3qpJUEJM.js:126:11\n    at withEnv (file:///Users/brentrager/dev/smooai/smooth-th-6d8606-bigsmooth-sep/crates/smooth-bigsmooth/tests/fixtures/backend_typescript_spec/node_modules/.pnpm/vitest@2.1.8_@types+node@22.10.2/node_modules/vitest/dist/chunks/runBaseTests.3qpJUEJM.js:90:5)"],"meta":{}},{"ancestorTitles":["PATCH /tasks/:id"],"fullName":"PATCH /tasks/:id updates title and priority together","status":"failed","title":"updates title and priority together","duration":0.6871660000000475,"failureMessages":["AssertionError: expected 404 to be 200 // Object.is equality\n    at /Users/brentrager/dev/smooai/smooth-th-6d8606-bigsmooth-sep/crates/smooth-bigsmooth/tests/fixtures/backend_typescript_spec/tests/spec.test.ts:137:24\n    at processTicksAndRejections (node:internal/process/task_queues:105:5)\n    at file:///Users/brentrager/dev/smooai/smooth-th-6d8606-bigsmooth-sep/crates/smooth-bigsmooth/tests/fixtures/backend_typescript_spec/node_modules/.pnpm/@vitest+runner@2.1.8/node_modules/@vitest/runner/dist/index.js:533:5\n    at runTest (file:///Users/brentrager/dev/smooai/smooth-th-6d8606-bigsmooth-sep/crates/smooth-bigsmooth/tests/fixtures/backend_typescript_spec/node_modules/.pnpm/@vitest+runner@2.1.8/node_modules/@vitest/runner/dist/index.js:1056:11)\n    at runSuite (file:///Users/brentrager/dev/smooai/smooth-th-6d8606-bigsmooth-sep/crates/smooth-bigsmooth/tests/fixtures/backend_typescript_spec/node_modules/.pnpm/@vitest+runner@2.1.8/node_modules/@vitest/runner/dist/index.js:1205:15)\n    at runSuite (file:///Users/brentrager/dev/smooai/smooth-th-6d8606-bigsmooth-sep/crates/smooth-bigsmooth/tests/fixtures/backend_typescript_spec/node_modules/.pnpm/@vitest+runner@2.1.8/node_modules/@vitest/runner/dist/index.js:1205:15)\n    at runFiles (file:///Users/brentrager/dev/smooai/smooth-th-6d8606-bigsmooth-sep/crates/smooth-bigsmooth/tests/fixtures/backend_typescript_spec/node_modules/.pnpm/@vitest+runner@2.1.8/node_modules/@vitest/runner/dist/index.js:1262:5)\n    at startTests (file:///Users/brentrager/dev/smooai/smooth-th-6d8606-bigsmooth-sep/crates/smooth-bigsmooth/tests/fixtures/backend_typescript_spec/node_modules/.pnpm/@vitest+runner@2.1.8/node_modules/@vitest/runner/dist/index.js:1271:3)\n    at file:///Users/brentrager/dev/smooai/smooth-th-6d8606-bigsmooth-sep/crates/smooth-bigsmooth/tests/fixtures/backend_typescript_spec/node_modules/.pnpm/vitest@2.1.8_@types+node@22.10.2/node_modules/vitest/dist/chunks/runBaseTests.3qpJUEJM.js:126:11\n    at withEnv (file:///Users/brentrager/dev/smooai/smooth-th-6d8606-bigsmooth-sep/crates/smooth-bigsmooth/tests/fixtures/backend_typescript_spec/node_modules/.pnpm/vitest@2.1.8_@types+node@22.10.2/node_modules/vitest/dist/chunks/runBaseTests.3qpJUEJM.js:90:5)"],"meta":{}},{"ancestorTitles":["DELETE /tasks/:id"],"fullName":"DELETE /tasks/:id deletes a task and returns 204","status":"failed","title":"deletes a task and returns 204","duration":1.4752080000000092,"failureMessages":["AssertionError: expected 404 to be 204 // Object.is equality\n    at /Users/brentrager/dev/smooai/smooth-th-6d8606-bigsmooth-sep/crates/smooth-bigsmooth/tests/fixtures/backend_typescript_spec/tests/spec.test.ts:147:28\n    at processTicksAndRejections (node:internal/process/task_queues:105:5)\n    at file:///Users/brentrager/dev/smooai/smooth-th-6d8606-bigsmooth-sep/crates/smooth-bigsmooth/tests/fixtures/backend_typescript_spec/node_modules/.pnpm/@vitest+runner@2.1.8/node_modules/@vitest/runner/dist/index.js:533:5\n    at runTest (file:///Users/brentrager/dev/smooai/smooth-th-6d8606-bigsmooth-sep/crates/smooth-bigsmooth/tests/fixtures/backend_typescript_spec/node_modules/.pnpm/@vitest+runner@2.1.8/node_modules/@vitest/runner/dist/index.js:1056:11)\n    at runSuite (file:///Users/brentrager/dev/smooai/smooth-th-6d8606-bigsmooth-sep/crates/smooth-bigsmooth/tests/fixtures/backend_typescript_spec/node_modules/.pnpm/@vitest+runner@2.1.8/node_modules/@vitest/runner/dist/index.js:1205:15)\n    at runSuite (file:///Users/brentrager/dev/smooai/smooth-th-6d8606-bigsmooth-sep/crates/smooth-bigsmooth/tests/fixtures/backend_typescript_spec/node_modules/.pnpm/@vitest+runner@2.1.8/node_modules/@vitest/runner/dist/index.js:1205:15)\n    at runFiles (file:///Users/brentrager/dev/smooai/smooth-th-6d8606-bigsmooth-sep/crates/smooth-bigsmooth/tests/fixtures/backend_typescript_spec/node_modules/.pnpm/@vitest+runner@2.1.8/node_modules/@vitest/runner/dist/index.js:1262:5)\n    at startTests (file:///Users/brentrager/dev/smooai/smooth-th-6d8606-bigsmooth-sep/crates/smooth-bigsmooth/tests/fixtures/backend_typescript_spec/node_modules/.pnpm/@vitest+runner@2.1.8/node_modules/@vitest/runner/dist/index.js:1271:3)\n    at file:///Users/brentrager/dev/smooai/smooth-th-6d8606-bigsmooth-sep/crates/smooth-bigsmooth/tests/fixtures/backend_typescript_spec/node_modules/.pnpm/vitest@2.1.8_@types+node@22.10.2/node_modules/vitest/dist/chunks/runBaseTests.3qpJUEJM.js:126:11\n    at withEnv (file:///Users/brentrager/dev/smooai/smooth-th-6d8606-bigsmooth-sep/crates/smooth-bigsmooth/tests/fixtures/backend_typescript_spec/node_modules/.pnpm/vitest@2.1.8_@types+node@22.10.2/node_modules/vitest/dist/chunks/runBaseTests.3qpJUEJM.js:90:5)"],"meta":{}}],"startTime":1783097771986,"endTime":1783097772035.475,"status":"failed","message":"","name":"/Users/brentrager/dev/smooai/smooth-th-6d8606-bigsmooth-sep/crates/smooth-bigsmooth/tests/fixtures/backend_typescript_spec/tests/spec.test.ts"}]}